<?xml version="1.0" encoding="UTF-8"?>
<!-- Generated by org.testng.reporters.JUnitReportReporter -->
<testsuite hostname="ArjunKumaresan" failures="0" tests="2" name="com.demowebshopqa.testcases.Registertest" time="14.059" errors="0" timestamp="2025-07-22T23:14:23 IST" skipped="0">
  <testcase classname="com.demowebshopqa.testcases.Registertest" name="VerifywithEmptyPasswordfields" time="6.104"/>
  <testcase classname="com.demowebshopqa.testcases.Registertest" name="VerifyregisterWithValidDetails" time="7.955"/>
</testsuite> <!-- com.demowebshopqa.testcases.Registertest -->
